0 info it worked if it ends with ok
1 verbose cli [ 'node', '/usr/local/bin/npm', 'install', 'libvirt' ]
2 info using npm@2.3.0
3 info using node@v0.10.36
4 verbose node symlink /usr/local/bin/node
5 silly cache add args [ 'libvirt', null ]
6 verbose cache add spec libvirt
7 silly cache add parsed spec { raw: 'libvirt',
7 silly cache add   scope: null,
7 silly cache add   name: 'libvirt',
7 silly cache add   rawSpec: '',
7 silly cache add   spec: '*',
7 silly cache add   type: 'range' }
8 verbose addNamed libvirt@*
9 silly addNamed semver.valid null
10 silly addNamed semver.validRange *
11 silly addNameRange { name: 'libvirt', range: '*', hasData: false }
12 silly mapToRegistry name libvirt
13 silly mapToRegistry using default registry
14 silly mapToRegistry registry https://registry.npmjs.org/
15 silly mapToRegistry uri https://registry.npmjs.org/libvirt
16 verbose addNameRange registry:https://registry.npmjs.org/libvirt not in flight; fetching
17 verbose request uri https://registry.npmjs.org/libvirt
18 verbose request no auth needed
19 info attempt registry request try #1 at 04:30:06
20 verbose request id 25a18f613c5850cc
21 verbose etag "EO59I7XJFXTGUISRU5P01S0V7"
22 http request GET https://registry.npmjs.org/libvirt
23 http 304 https://registry.npmjs.org/libvirt
24 silly get cb [ 304,
24 silly get   { date: 'Sat, 05 Dec 2015 04:30:07 GMT',
24 silly get     via: '1.1 varnish',
24 silly get     'cache-control': 'max-age=60',
24 silly get     etag: '"EO59I7XJFXTGUISRU5P01S0V7"',
24 silly get     age: '0',
24 silly get     connection: 'keep-alive',
24 silly get     'x-served-by': 'cache-ams4134-AMS',
24 silly get     'x-cache': 'MISS',
24 silly get     'x-cache-hits': '0',
24 silly get     'x-timer': 'S1449289807.485374,VS0,VE408',
24 silly get     vary: 'Accept' } ]
25 verbose etag https://registry.npmjs.org/libvirt from cache
26 silly addNameRange number 2 { name: 'libvirt', range: '*', hasData: true }
27 silly addNameRange versions [ 'libvirt', [ '0.1.0', '0.1.2', '0.1.3', '1.1.0' ] ]
28 verbose addNamed libvirt@1.1.0
29 silly addNamed semver.valid 1.1.0
30 silly addNamed semver.validRange 1.1.0
31 silly cache afterAdd libvirt@1.1.0
32 verbose afterAdd /Users/epheo/.npm/libvirt/1.1.0/package/package.json not in flight; writing
33 verbose afterAdd /Users/epheo/.npm/libvirt/1.1.0/package/package.json written
34 silly install resolved [ { name: 'libvirt',
34 silly install resolved     version: '1.1.0',
34 silly install resolved     author:
34 silly install resolved      { name: 'Camilo Aguilar',
34 silly install resolved        email: 'camilo@cloudescape.com',
34 silly install resolved        url: 'http://github.com/c4milo' },
34 silly install resolved     contributors: [ [Object], [Object], [Object], [Object], [Object], [Object] ],
34 silly install resolved     description: 'Native libvirt C++ bindings for node.js',
34 silly install resolved     license: 'MIT',
34 silly install resolved     repository:
34 silly install resolved      { type: 'git',
34 silly install resolved        url: 'git+ssh://git@github.com/hooklift/node-libvirt.git' },
34 silly install resolved     main: 'lib/index.js',
34 silly install resolved     engines: { node: '>=0.10.0' },
34 silly install resolved     keywords:
34 silly install resolved      [ 'libvirt',
34 silly install resolved        'virt',
34 silly install resolved        'virtualization',
34 silly install resolved        'kvm',
34 silly install resolved        'qemu',
34 silly install resolved        'cloud',
34 silly install resolved        'openstack',
34 silly install resolved        'vm',
34 silly install resolved        'virtualmachine' ],
34 silly install resolved     dependencies: { bindings: '^1.2.1', bluebird: '^2.9.34', nan: '^2.0.9' },
34 silly install resolved     devDependencies:
34 silly install resolved      { chai: '^3.2.0',
34 silly install resolved        jshint: '^2.8.0',
34 silly install resolved        mocha: '^2.2.5',
34 silly install resolved        'segfault-handler': '^0.2.5',
34 silly install resolved        semver: '^5.0.1',
34 silly install resolved        xpath: '~0.0.9',
34 silly install resolved        xmldom: '~0.1.19' },
34 silly install resolved     scripts: { install: 'node-gyp rebuild' },
34 silly install resolved     gypfile: true,
34 silly install resolved     gitHead: 'ded43e05535daf68bc1c8b84211815b37f8eb1c5',
34 silly install resolved     bugs: { url: 'https://github.com/hooklift/node-libvirt/issues' },
34 silly install resolved     homepage: 'https://github.com/hooklift/node-libvirt#readme',
34 silly install resolved     _id: 'libvirt@1.1.0',
34 silly install resolved     _shasum: '3c97671eedb018397623cfc1f94063bfa32b5086',
34 silly install resolved     _from: 'libvirt@*',
34 silly install resolved     _npmVersion: '2.12.1',
34 silly install resolved     _nodeVersion: '0.12.7',
34 silly install resolved     _npmUser: { name: 'mbroadst', email: 'mbroadst@gmail.com' },
34 silly install resolved     maintainers: [ [Object], [Object] ],
34 silly install resolved     dist:
34 silly install resolved      { shasum: '3c97671eedb018397623cfc1f94063bfa32b5086',
34 silly install resolved        tarball: 'http://registry.npmjs.org/libvirt/-/libvirt-1.1.0.tgz' },
34 silly install resolved     directories: {},
34 silly install resolved     _resolved: 'https://registry.npmjs.org/libvirt/-/libvirt-1.1.0.tgz',
34 silly install resolved     readme: 'ERROR: No README data found!' } ]
35 info install libvirt@1.1.0 into /Volumes/DATA/GIT/nc
36 info installOne libvirt@1.1.0
37 verbose installOne of libvirt to /Volumes/DATA/GIT/nc not in flight; installing
38 verbose lock using /Users/epheo/.npm/_locks/libvirt-44ba717ac08c7297.lock for /Volumes/DATA/GIT/nc/node_modules/libvirt
39 silly install write writing libvirt 1.1.0 to /Volumes/DATA/GIT/nc/node_modules/libvirt
40 silly cache addNamed cb libvirt@1.1.0
41 verbose unbuild node_modules/libvirt
42 verbose gentlyRm vacuuming /Volumes/DATA/GIT/nc/node_modules/libvirt
43 verbose tar unpack /Users/epheo/.npm/libvirt/1.1.0/package.tgz
44 verbose tar unpacking to /Volumes/DATA/GIT/nc/node_modules/libvirt
45 verbose gentlyRm vacuuming /Volumes/DATA/GIT/nc/node_modules/libvirt
46 silly gunzTarPerm modes [ '755', '644' ]
47 silly gunzTarPerm extractEntry package.json
48 silly gunzTarPerm extractEntry .npmignore
49 silly gunzTarPerm extractEntry README.md
50 silly gunzTarPerm extractEntry .jshintrc
51 silly gunzTarPerm extractEntry .travis.yml
52 silly gunzTarPerm extractEntry API.md
53 silly gunzTarPerm extractEntry AUTHORS
54 silly gunzTarPerm extractEntry CONTRIBUTING.md
55 silly gunzTarPerm extractEntry Makefile
56 silly gunzTarPerm extractEntry TODO
57 silly gunzTarPerm extractEntry binding.gyp
58 silly gunzTarPerm extractEntry lib/index.js
59 silly gunzTarPerm extractEntry src/nlv_async_worker.cc
60 silly gunzTarPerm extractEntry src/domain.cc
61 silly gunzTarPerm extractEntry src/error.cc
62 silly gunzTarPerm extractEntry src/error.h
63 silly gunzTarPerm extractEntry src/event_impl.cc
64 silly gunzTarPerm extractEntry src/event_impl.h
65 silly gunzTarPerm extractEntry src/hypervisor.cc
66 silly gunzTarPerm extractEntry src/hypervisor.h
67 silly gunzTarPerm extractEntry src/interface.cc
68 silly gunzTarPerm extractEntry src/interface.h
69 silly gunzTarPerm extractEntry src/network.cc
70 silly gunzTarPerm extractEntry src/network.h
71 silly gunzTarPerm extractEntry src/network_filter.cc
72 silly gunzTarPerm extractEntry src/network_filter.h
73 silly gunzTarPerm extractEntry src/domain.h
74 silly gunzTarPerm extractEntry src/nlv_async_worker.h
75 silly gunzTarPerm extractEntry src/nlv_object.h
76 silly gunzTarPerm extractEntry src/node_device.cc
77 silly gunzTarPerm extractEntry src/node_device.h
78 silly gunzTarPerm extractEntry src/node_libvirt.cc
79 silly gunzTarPerm extractEntry src/node_libvirt.h
80 silly gunzTarPerm extractEntry src/secret.cc
81 silly gunzTarPerm extractEntry src/secret.h
82 silly gunzTarPerm extractEntry src/storage_pool.cc
83 silly gunzTarPerm extractEntry src/storage_pool.h
84 silly gunzTarPerm extractEntry src/storage_volume.cc
85 silly gunzTarPerm extractEntry src/storage_volume.h
86 silly gunzTarPerm extractEntry src/worker_macros.h
87 silly gunzTarPerm extractEntry .editorconfig
88 silly gunzTarPerm extractEntry test/domain.test.js
89 silly gunzTarPerm extractEntry test/storage_pool.test.js
90 silly gunzTarPerm extractEntry test/hypervisor.test.js
91 silly gunzTarPerm extractEntry test/interface.test.js
92 silly gunzTarPerm extractEntry test/secret.test.js
93 silly gunzTarPerm extractEntry test/domain_metadata.test.js
94 silly gunzTarPerm extractEntry test/network_filter.test.js
95 silly gunzTarPerm extractEntry test/node_device.test.js
96 silly gunzTarPerm extractEntry test/storage_volume.test.js
97 silly gunzTarPerm extractEntry test/network.test.js
98 silly gunzTarPerm extractEntry test/lib/helper.js
99 silly gunzTarPerm extractEntry test/fixtures/metadata1_ns.xml
100 silly gunzTarPerm extractEntry test/fixtures/clone_volume.xml
101 silly gunzTarPerm extractEntry test/fixtures/cpu2.xml
102 silly gunzTarPerm extractEntry test/fixtures/cpu3.xml
103 silly gunzTarPerm extractEntry test/fixtures/device.xml
104 silly gunzTarPerm extractEntry test/fixtures/device_update.xml
105 silly gunzTarPerm extractEntry test/fixtures/domain.xml
106 silly gunzTarPerm extractEntry test/fixtures/interface.xml
107 silly gunzTarPerm extractEntry test/fixtures/match_bt_cpu1_and_cpu2.xml
108 silly gunzTarPerm extractEntry test/fixtures/metadata1.xml
109 silly gunzTarPerm extractEntry test/fixtures/cpu1.xml
110 silly gunzTarPerm extractEntry test/fixtures/metadata2.xml
111 silly gunzTarPerm extractEntry test/fixtures/metadata2_ns.xml
112 silly gunzTarPerm extractEntry test/fixtures/network.xml
113 silly gunzTarPerm extractEntry test/fixtures/network_filter.xml
114 silly gunzTarPerm extractEntry test/fixtures/node_device.xml
115 silly gunzTarPerm extractEntry test/fixtures/secret.xml
116 silly gunzTarPerm extractEntry test/fixtures/snapshot.xml
117 silly gunzTarPerm extractEntry test/fixtures/storage_pool.xml
118 silly gunzTarPerm extractEntry test/fixtures/storage_volume.xml
119 info preinstall libvirt@1.1.0
120 silly prepareForInstallMany adding bindings@^1.2.1 from libvirt dependencies
121 silly prepareForInstallMany adding bluebird@^2.9.34 from libvirt dependencies
122 silly prepareForInstallMany adding nan@^2.0.9 from libvirt dependencies
123 silly cache add args [ 'bindings@^1.2.1', null ]
124 verbose cache add spec bindings@^1.2.1
125 silly cache add args [ 'bluebird@^2.9.34', null ]
126 verbose cache add spec bluebird@^2.9.34
127 silly cache add parsed spec { raw: 'bindings@^1.2.1',
127 silly cache add   scope: null,
127 silly cache add   name: 'bindings',
127 silly cache add   rawSpec: '^1.2.1',
127 silly cache add   spec: '>=1.2.1 <2.0.0',
127 silly cache add   type: 'range' }
128 verbose addNamed bindings@>=1.2.1 <2.0.0
129 silly addNamed semver.valid null
130 silly addNamed semver.validRange >=1.2.1 <2.0.0
131 silly addNameRange { name: 'bindings', range: '>=1.2.1 <2.0.0', hasData: false }
132 silly mapToRegistry name bindings
133 silly mapToRegistry using default registry
134 silly mapToRegistry registry https://registry.npmjs.org/
135 silly mapToRegistry uri https://registry.npmjs.org/bindings
136 verbose addNameRange registry:https://registry.npmjs.org/bindings not in flight; fetching
137 silly cache add parsed spec { raw: 'bluebird@^2.9.34',
137 silly cache add   scope: null,
137 silly cache add   name: 'bluebird',
137 silly cache add   rawSpec: '^2.9.34',
137 silly cache add   spec: '>=2.9.34 <3.0.0',
137 silly cache add   type: 'range' }
138 verbose addNamed bluebird@>=2.9.34 <3.0.0
139 silly addNamed semver.valid null
140 silly addNamed semver.validRange >=2.9.34 <3.0.0
141 silly addNameRange { name: 'bluebird', range: '>=2.9.34 <3.0.0', hasData: false }
142 silly mapToRegistry name bluebird
143 silly mapToRegistry using default registry
144 silly mapToRegistry registry https://registry.npmjs.org/
145 silly mapToRegistry uri https://registry.npmjs.org/bluebird
146 verbose addNameRange registry:https://registry.npmjs.org/bluebird not in flight; fetching
147 silly cache add args [ 'nan@^2.0.9', null ]
148 verbose cache add spec nan@^2.0.9
149 silly cache add parsed spec { raw: 'nan@^2.0.9',
149 silly cache add   scope: null,
149 silly cache add   name: 'nan',
149 silly cache add   rawSpec: '^2.0.9',
149 silly cache add   spec: '>=2.0.9 <3.0.0',
149 silly cache add   type: 'range' }
150 verbose addNamed nan@>=2.0.9 <3.0.0
151 silly addNamed semver.valid null
152 silly addNamed semver.validRange >=2.0.9 <3.0.0
153 silly addNameRange { name: 'nan', range: '>=2.0.9 <3.0.0', hasData: false }
154 silly mapToRegistry name nan
155 silly mapToRegistry using default registry
156 silly mapToRegistry registry https://registry.npmjs.org/
157 silly mapToRegistry uri https://registry.npmjs.org/nan
158 verbose addNameRange registry:https://registry.npmjs.org/nan not in flight; fetching
159 verbose request uri https://registry.npmjs.org/bindings
160 verbose request no auth needed
161 info attempt registry request try #1 at 04:30:08
162 verbose etag "2RXG5K4RRQWEOOFOAOOKVPOZR"
163 http request GET https://registry.npmjs.org/bindings
164 verbose request uri https://registry.npmjs.org/bluebird
165 verbose request no auth needed
166 info attempt registry request try #1 at 04:30:08
167 verbose etag "5Z5UEFT86LVPPWLE23CH88Y3V"
168 http request GET https://registry.npmjs.org/bluebird
169 verbose request uri https://registry.npmjs.org/nan
170 verbose request no auth needed
171 info attempt registry request try #1 at 04:30:08
172 verbose etag "7CEDVJA24M9BXRU7SU6WRSW4M"
173 http request GET https://registry.npmjs.org/nan
174 http 304 https://registry.npmjs.org/nan
175 silly get cb [ 304,
175 silly get   { date: 'Sat, 05 Dec 2015 04:30:08 GMT',
175 silly get     via: '1.1 varnish',
175 silly get     'cache-control': 'max-age=60',
175 silly get     etag: '"7CEDVJA24M9BXRU7SU6WRSW4M"',
175 silly get     age: '54',
175 silly get     connection: 'keep-alive',
175 silly get     'x-served-by': 'cache-ams4122-AMS',
175 silly get     'x-cache': 'HIT',
175 silly get     'x-cache-hits': '1',
175 silly get     'x-timer': 'S1449289808.541115,VS0,VE0',
175 silly get     vary: 'Accept' } ]
176 verbose etag https://registry.npmjs.org/nan from cache
177 silly addNameRange number 2 { name: 'nan', range: '>=2.0.9 <3.0.0', hasData: true }
178 silly addNameRange versions [ 'nan',
178 silly addNameRange   [ '0.3.0-wip',
178 silly addNameRange     '0.3.0-wip2',
178 silly addNameRange     '0.3.0',
178 silly addNameRange     '0.3.1',
178 silly addNameRange     '0.3.2',
178 silly addNameRange     '0.4.0',
178 silly addNameRange     '0.4.1',
178 silly addNameRange     '0.4.2',
178 silly addNameRange     '0.4.3',
178 silly addNameRange     '0.4.4',
178 silly addNameRange     '0.5.0',
178 silly addNameRange     '0.5.1',
178 silly addNameRange     '0.5.2',
178 silly addNameRange     '0.6.0',
178 silly addNameRange     '0.7.0',
178 silly addNameRange     '0.7.1',
178 silly addNameRange     '0.8.0',
178 silly addNameRange     '1.0.0',
178 silly addNameRange     '1.1.0',
178 silly addNameRange     '1.1.1',
178 silly addNameRange     '1.1.2',
178 silly addNameRange     '1.2.0',
178 silly addNameRange     '1.3.0',
178 silly addNameRange     '1.4.0',
178 silly addNameRange     '1.4.1',
178 silly addNameRange     '1.5.0',
178 silly addNameRange     '1.4.2',
178 silly addNameRange     '1.4.3',
178 silly addNameRange     '1.5.1',
178 silly addNameRange     '1.5.2',
178 silly addNameRange     '1.6.0',
178 silly addNameRange     '1.5.3',
178 silly addNameRange     '1.6.1',
178 silly addNameRange     '1.6.2',
178 silly addNameRange     '1.7.0',
178 silly addNameRange     '1.8.0',
178 silly addNameRange     '1.8.1',
178 silly addNameRange     '1.8.2',
178 silly addNameRange     '1.8.3',
178 silly addNameRange     '1.8.4',
178 silly addNameRange     '1.9.0',
178 silly addNameRange     '2.0.0',
178 silly addNameRange     '2.0.1',
178 silly addNameRange     '2.0.2',
178 silly addNameRange     '2.0.3',
178 silly addNameRange     '2.0.4',
178 silly addNameRange     '2.0.5',
178 silly addNameRange     '2.0.6',
178 silly addNameRange     '2.0.7',
178 silly addNameRange     '2.0.8',
178 silly addNameRange     '2.0.9',
178 silly addNameRange     '2.1.0' ] ]
179 verbose addNamed nan@2.1.0
180 silly addNamed semver.valid 2.1.0
181 silly addNamed semver.validRange 2.1.0
182 silly cache afterAdd nan@2.1.0
183 verbose afterAdd /Users/epheo/.npm/nan/2.1.0/package/package.json not in flight; writing
184 verbose afterAdd /Users/epheo/.npm/nan/2.1.0/package/package.json written
185 http 304 https://registry.npmjs.org/bindings
186 silly get cb [ 304,
186 silly get   { date: 'Sat, 05 Dec 2015 04:30:08 GMT',
186 silly get     via: '1.1 varnish',
186 silly get     'cache-control': 'max-age=60',
186 silly get     etag: '"2RXG5K4RRQWEOOFOAOOKVPOZR"',
186 silly get     age: '54',
186 silly get     connection: 'keep-alive',
186 silly get     'x-served-by': 'cache-ams4138-AMS',
186 silly get     'x-cache': 'HIT',
186 silly get     'x-cache-hits': '1',
186 silly get     'x-timer': 'S1449289808.693554,VS0,VE0',
186 silly get     vary: 'Accept' } ]
187 verbose etag https://registry.npmjs.org/bindings from cache
188 silly addNameRange number 2 { name: 'bindings', range: '>=1.2.1 <2.0.0', hasData: true }
189 silly addNameRange versions [ 'bindings',
189 silly addNameRange   [ '0.0.1',
189 silly addNameRange     '0.1.0',
189 silly addNameRange     '0.1.1',
189 silly addNameRange     '0.2.0',
189 silly addNameRange     '0.2.1',
189 silly addNameRange     '0.2.2',
189 silly addNameRange     '0.2.3',
189 silly addNameRange     '0.2.4',
189 silly addNameRange     '0.3.0',
189 silly addNameRange     '0.4.0',
189 silly addNameRange     '1.0.0',
189 silly addNameRange     '1.1.0',
189 silly addNameRange     '1.1.1',
189 silly addNameRange     '1.2.0',
189 silly addNameRange     '1.2.1' ] ]
190 verbose addNamed bindings@1.2.1
191 silly addNamed semver.valid 1.2.1
192 silly addNamed semver.validRange 1.2.1
193 silly cache afterAdd bindings@1.2.1
194 verbose afterAdd /Users/epheo/.npm/bindings/1.2.1/package/package.json not in flight; writing
195 verbose afterAdd /Users/epheo/.npm/bindings/1.2.1/package/package.json written
196 http 200 https://registry.npmjs.org/bluebird
197 silly get cb [ 200,
197 silly get   { server: 'CouchDB/1.5.0 (Erlang OTP/R16B03)',
197 silly get     etag: '"71JP4Q1RBVMBTNNOFO285Y9DG"',
197 silly get     'content-type': 'application/json',
197 silly get     'cache-control': 'max-age=60',
197 silly get     'content-length': '331678',
197 silly get     'accept-ranges': 'bytes',
197 silly get     date: 'Sat, 05 Dec 2015 04:30:08 GMT',
197 silly get     via: '1.1 varnish',
197 silly get     age: '22',
197 silly get     connection: 'keep-alive',
197 silly get     'x-served-by': 'cache-ams4125-AMS',
197 silly get     'x-cache': 'HIT',
197 silly get     'x-cache-hits': '1',
197 silly get     'x-timer': 'S1449289808.538605,VS0,VE1',
197 silly get     vary: 'Accept' } ]
198 silly addNameRange number 2 { name: 'bluebird', range: '>=2.9.34 <3.0.0', hasData: true }
199 silly addNameRange versions [ 'bluebird',
199 silly addNameRange   [ '0.7.1-1',
199 silly addNameRange     '0.7.1-2',
199 silly addNameRange     '0.7.1-3',
199 silly addNameRange     '0.7.1-4',
199 silly addNameRange     '0.7.1-5',
199 silly addNameRange     '0.7.2-0',
199 silly addNameRange     '0.7.3-0',
199 silly addNameRange     '0.7.4-0',
199 silly addNameRange     '0.7.4-1',
199 silly addNameRange     '0.7.5-0',
199 silly addNameRange     '0.7.6-0',
199 silly addNameRange     '0.7.7-0',
199 silly addNameRange     '0.7.7-1',
199 silly addNameRange     '0.7.8-0',
199 silly addNameRange     '0.7.8-1',
199 silly addNameRange     '0.7.9-0',
199 silly addNameRange     '0.7.9-1',
199 silly addNameRange     '0.7.10-0',
199 silly addNameRange     '0.7.10-1',
199 silly addNameRange     '0.7.11-0',
199 silly addNameRange     '0.7.12-0',
199 silly addNameRange     '0.7.12-1',
199 silly addNameRange     '0.7.12-2',
199 silly addNameRange     '0.8.0-0',
199 silly addNameRange     '0.8.0-1',
199 silly addNameRange     '0.8.0-2',
199 silly addNameRange     '0.8.0-3',
199 silly addNameRange     '0.8.1-0',
199 silly addNameRange     '0.8.2-0',
199 silly addNameRange     '0.8.2-1',
199 silly addNameRange     '0.8.2-2',
199 silly addNameRange     '0.8.3-0',
199 silly addNameRange     '0.8.3-1',
199 silly addNameRange     '0.8.3-2',
199 silly addNameRange     '0.8.3-3',
199 silly addNameRange     '0.8.4-0',
199 silly addNameRange     '0.8.4-1',
199 silly addNameRange     '0.8.5-0',
199 silly addNameRange     '0.8.5-1',
199 silly addNameRange     '0.9.0-0',
199 silly addNameRange     '0.9.1-0',
199 silly addNameRange     '0.9.1-1',
199 silly addNameRange     '0.9.2-0',
199 silly addNameRange     '0.9.2-1',
199 silly addNameRange     '0.9.3-0',
199 silly addNameRange     '0.9.4-0',
199 silly addNameRange     '0.9.4-1',
199 silly addNameRange     '0.9.5-0',
199 silly addNameRange     '0.9.6-0',
199 silly addNameRange     '0.9.7-0',
199 silly addNameRange     '0.9.8-0',
199 silly addNameRange     '0.9.9-0',
199 silly addNameRange     '0.9.10-0',
199 silly addNameRange     '0.9.10-1',
199 silly addNameRange     '0.9.11-0',
199 silly addNameRange     '0.9.11-1',
199 silly addNameRange     '0.10.0-0',
199 silly addNameRange     '0.10.0-1',
199 silly addNameRange     '0.10.1-0',
199 silly addNameRange     '0.10.2-0',
199 silly addNameRange     '0.10.2-1',
199 silly addNameRange     '0.10.3-0',
199 silly addNameRange     '0.10.4-0',
199 silly addNameRange     '0.10.4-1',
199 silly addNameRange     '0.10.5-0',
199 silly addNameRange     '0.10.6-0',
199 silly addNameRange     '0.10.7-0',
199 silly addNameRange     '0.10.8-0',
199 silly addNameRange     '0.10.9-0',
199 silly addNameRange     '0.10.9-1',
199 silly addNameRange     '0.10.10-0',
199 silly addNameRange     '0.10.11-0',
199 silly addNameRange     '0.10.11-1',
199 silly addNameRange     '0.10.11-2',
199 silly addNameRange     '0.10.11-4',
199 silly addNameRange     '0.10.12-0',
199 silly addNameRange     '0.10.13-0',
199 silly addNameRange     '0.10.13-1',
199 silly addNameRange     '0.10.14-0',
199 silly addNameRange     '0.11.0-0',
199 silly addNameRange     '0.11.1-0',
199 silly addNameRange     '0.11.2-0',
199 silly addNameRange     '0.11.3-0',
199 silly addNameRange     '0.11.4-0',
199 silly addNameRange     '0.11.4-1',
199 silly addNameRange     '0.11.5-0',
199 silly addNameRange     '0.11.5-1',
199 silly addNameRange     '0.11.6-0',
199 silly addNameRange     '1.0.0',
199 silly addNameRange     '1.0.1',
199 silly addNameRange     '1.0.2',
199 silly addNameRange     '1.0.3',
199 silly addNameRange     '1.0.4',
199 silly addNameRange     '1.0.5',
199 silly addNameRange     '1.0.7',
199 silly addNameRange     '1.0.8',
199 silly addNameRange     '1.1.0',
199 silly addNameRange     '1.1.1',
199 silly addNameRange     '1.2.0',
199 silly addNameRange     '1.2.1',
199 silly addNameRange     '1.2.2',
199 silly addNameRange     '1.2.3',
199 silly addNameRange     '1.2.4',
199 silly addNameRange     '2.0.2',
199 silly addNameRange     '2.0.3',
199 silly addNameRange     '2.0.4',
199 silly addNameRange     '2.0.5',
199 silly addNameRange     '2.0.6',
199 silly addNameRange     '2.0.7',
199 silly addNameRange     '2.1.1',
199 silly addNameRange     '2.1.2',
199 silly addNameRange     '2.1.3',
199 silly addNameRange     '2.2.0',
199 silly addNameRange     '2.2.1',
199 silly addNameRange     '2.2.2',
199 silly addNameRange     '2.3.0',
199 silly addNameRange     '2.3.1',
199 silly addNameRange     '2.3.2',
199 silly addNameRange     '2.3.3',
199 silly addNameRange     '2.3.4',
199 silly addNameRange     '2.3.5',
199 silly addNameRange     '0.11.6',
199 silly addNameRange     '2.3.6',
199 silly addNameRange     '2.3.9',
199 silly addNameRange     '2.3.10',
199 silly addNameRange     '2.3.11',
199 silly addNameRange     '2.4.0',
199 silly addNameRange     '2.4.1',
199 silly addNameRange     '2.4.2',
199 silly addNameRange     '2.4.3',
199 silly addNameRange     '2.5.0',
199 silly addNameRange     '2.5.1',
199 silly addNameRange     '2.5.2',
199 silly addNameRange     '2.5.3',
199 silly addNameRange     '2.6.0',
199 silly addNameRange     '2.6.1',
199 silly addNameRange     '2.6.2',
199 silly addNameRange     '2.6.3',
199 silly addNameRange     '2.6.4',
199 silly addNameRange     '2.7.0',
199 silly addNameRange     '2.7.1',
199 silly addNameRange     '2.8.0',
199 silly addNameRange     '2.8.1',
199 silly addNameRange     '2.8.2',
199 silly addNameRange     '2.9.0',
199 silly addNameRange     '2.9.1',
199 silly addNameRange     '2.9.2',
199 silly addNameRange     '2.9.3',
199 silly addNameRange     '2.9.4',
199 silly addNameRange     '2.9.5',
199 silly addNameRange     '2.9.6',
199 silly addNameRange     '2.9.7',
199 silly addNameRange     '2.9.8',
199 silly addNameRange     '2.9.9',
199 silly addNameRange     '2.9.10',
199 silly addNameRange     '2.9.11',
199 silly addNameRange     '2.9.12',
199 silly addNameRange     '2.9.13',
199 silly addNameRange     '2.9.14',
199 silly addNameRange     '2.9.15',
199 silly addNameRange     '2.9.16',
199 silly addNameRange     '2.9.17',
199 silly addNameRange     '2.9.18',
199 silly addNameRange     '2.9.19',
199 silly addNameRange     '2.9.20',
199 silly addNameRange     '2.9.21',
199 silly addNameRange     '2.9.22',
199 silly addNameRange     '2.9.23',
199 silly addNameRange     '2.9.24',
199 silly addNameRange     '2.9.25',
199 silly addNameRange     '2.9.26',
199 silly addNameRange     '2.9.27',
199 silly addNameRange     '2.9.28',
199 silly addNameRange     '2.9.29',
199 silly addNameRange     '2.9.30',
199 silly addNameRange     '2.9.31',
199 silly addNameRange     '2.9.32',
199 silly addNameRange     '2.9.33',
199 silly addNameRange     '2.9.34',
199 silly addNameRange     '2.10.0',
199 silly addNameRange     '2.10.1',
199 silly addNameRange     '2.10.2',
199 silly addNameRange     '3.0.0',
199 silly addNameRange     '3.0.1',
199 silly addNameRange     '3.0.2',
199 silly addNameRange     '3.0.3',
199 silly addNameRange     '3.0.4',
199 silly addNameRange     '3.0.5',
199 silly addNameRange     '3.0.6' ] ]
200 verbose addNamed bluebird@2.10.2
201 silly addNamed semver.valid 2.10.2
202 silly addNamed semver.validRange 2.10.2
203 silly cache afterAdd bluebird@2.10.2
204 verbose afterAdd /Users/epheo/.npm/bluebird/2.10.2/package/package.json not in flight; writing
205 verbose afterAdd /Users/epheo/.npm/bluebird/2.10.2/package/package.json written
206 silly install resolved [ { name: 'nan',
206 silly install resolved     version: '2.1.0',
206 silly install resolved     description: 'Native Abstractions for Node.js: C++ header for Node 0.8 -> 4 compatibility',
206 silly install resolved     main: 'include_dirs.js',
206 silly install resolved     repository: { type: 'git', url: 'git://github.com/nodejs/nan.git' },
206 silly install resolved     scripts:
206 silly install resolved      { test: 'tap --gc test/js/*-test.js',
206 silly install resolved        'rebuild-tests': 'node-gyp rebuild --msvs_version=2013 --directory test',
206 silly install resolved        docs: 'doc/.build.sh' },
206 silly install resolved     contributors:
206 silly install resolved      [ [Object],
206 silly install resolved        [Object],
206 silly install resolved        [Object],
206 silly install resolved        [Object],
206 silly install resolved        [Object],
206 silly install resolved        [Object],
206 silly install resolved        [Object] ],
206 silly install resolved     devDependencies:
206 silly install resolved      { bindings: '~1.2.1',
206 silly install resolved        commander: '^2.8.1',
206 silly install resolved        glob: '^5.0.14',
206 silly install resolved        'node-gyp': '~3.0.1',
206 silly install resolved        tap: '~0.7.1',
206 silly install resolved        xtend: '~4.0.0' },
206 silly install resolved     license: 'MIT',
206 silly install resolved     bugs: { url: 'https://github.com/nodejs/nan/issues' },
206 silly install resolved     homepage: 'https://github.com/nodejs/nan#readme',
206 silly install resolved     _id: 'nan@2.1.0',
206 silly install resolved     _shasum: '020a7ccedc63fdee85f85967d5607849e74abbe8',
206 silly install resolved     _resolved: 'https://registry.npmjs.org/nan/-/nan-2.1.0.tgz',
206 silly install resolved     _from: 'nan@>=2.0.9 <3.0.0',
206 silly install resolved     _npmVersion: '3.3.5',
206 silly install resolved     _nodeVersion: '4.1.2',
206 silly install resolved     _npmUser: { name: 'kkoopa', email: 'bbyholm@abo.fi' },
206 silly install resolved     dist:
206 silly install resolved      { shasum: '020a7ccedc63fdee85f85967d5607849e74abbe8',
206 silly install resolved        tarball: 'http://registry.npmjs.org/nan/-/nan-2.1.0.tgz' },
206 silly install resolved     maintainers: [ [Object], [Object] ],
206 silly install resolved     directories: {},
206 silly install resolved     readme: 'ERROR: No README data found!' },
206 silly install resolved   { name: 'bindings',
206 silly install resolved     description: 'Helper module for loading your native module\'s .node file',
206 silly install resolved     keywords: [ 'native', 'addon', 'bindings', 'gyp', 'waf', 'c', 'c++' ],
206 silly install resolved     version: '1.2.1',
206 silly install resolved     author:
206 silly install resolved      { name: 'Nathan Rajlich',
206 silly install resolved        email: 'nathan@tootallnate.net',
206 silly install resolved        url: 'http://tootallnate.net' },
206 silly install resolved     repository:
206 silly install resolved      { type: 'git',
206 silly install resolved        url: 'git://github.com/TooTallNate/node-bindings.git' },
206 silly install resolved     main: './bindings.js',
206 silly install resolved     bugs: { url: 'https://github.com/TooTallNate/node-bindings/issues' },
206 silly install resolved     homepage: 'https://github.com/TooTallNate/node-bindings',
206 silly install resolved     license: 'MIT',
206 silly install resolved     gitHead: 'e404152ee27f8478ccbc7122ee051246e8e5ec02',
206 silly install resolved     _id: 'bindings@1.2.1',
206 silly install resolved     scripts: {},
206 silly install resolved     _shasum: '14ad6113812d2d37d72e67b4cacb4bb726505f11',
206 silly install resolved     _from: 'bindings@>=1.2.1 <2.0.0',
206 silly install resolved     _npmVersion: '1.4.14',
206 silly install resolved     _npmUser: { name: 'tootallnate', email: 'nathan@tootallnate.net' },
206 silly install resolved     maintainers: [ [Object], [Object] ],
206 silly install resolved     dist:
206 silly install resolved      { shasum: '14ad6113812d2d37d72e67b4cacb4bb726505f11',
206 silly install resolved        tarball: 'http://registry.npmjs.org/bindings/-/bindings-1.2.1.tgz' },
206 silly install resolved     directories: {},
206 silly install resolved     _resolved: 'https://registry.npmjs.org/bindings/-/bindings-1.2.1.tgz',
206 silly install resolved     readme: 'ERROR: No README data found!' },
206 silly install resolved   { name: 'bluebird',
206 silly install resolved     description: 'Full featured Promises/A+ implementation with exceptionally good performance',
206 silly install resolved     version: '2.10.2',
206 silly install resolved     keywords:
206 silly install resolved      [ 'promise',
206 silly install resolved        'performance',
206 silly install resolved        'promises',
206 silly install resolved        'promises-a',
206 silly install resolved        'promises-aplus',
206 silly install resolved        'async',
206 silly install resolved        'await',
206 silly install resolved        'deferred',
206 silly install resolved        'deferreds',
206 silly install resolved        'future',
206 silly install resolved        'flow control',
206 silly install resolved        'dsl',
206 silly install resolved        'fluent interface',
206 silly install resolved        'parallel',
206 silly install resolved        'thread',
206 silly install resolved        'concurrency' ],
206 silly install resolved     scripts:
206 silly install resolved      { lint: 'node scripts/jshint.js',
206 silly install resolved        test: 'node tools/test.js',
206 silly install resolved        istanbul: 'istanbul',
206 silly install resolved        prepublish: 'node tools/build.js --no-debug --main --zalgo --browser --minify',
206 silly install resolved        'generate-browser-core': 'node tools/build.js --features=core --no-debug --main --zalgo --browser --minify && mv js/browser/bluebird.js js/browser/bluebird.core.js && mv js/browser/bluebird.min.js js/browser/bluebird.core.min.js' },
206 silly install resolved     homepage: 'https://github.com/petkaantonov/bluebird',
206 silly install resolved     repository:
206 silly install resolved      { type: 'git',
206 silly install resolved        url: 'git://github.com/petkaantonov/bluebird.git' },
206 silly install resolved     bugs: { url: 'http://github.com/petkaantonov/bluebird/issues' },
206 silly install resolved     license: 'MIT',
206 silly install resolved     author:
206 silly install resolved      { name: 'Petka Antonov',
206 silly install resolved        email: 'petka_antonov@hotmail.com',
206 silly install resolved        url: 'http://github.com/petkaantonov/' },
206 silly install resolved     devDependencies:
206 silly install resolved      { acorn: '~0.6.0',
206 silly install resolved        baconjs: '^0.7.43',
206 silly install resolved        bluebird: '^2.9.2',
206 silly install resolved        'body-parser': '^1.10.2',
206 silly install resolved        browserify: '^8.1.1',
206 silly install resolved        'cli-table': '~0.3.1',
206 silly install resolved        co: '^4.2.0',
206 silly install resolved        'cross-spawn': '^0.2.3',
206 silly install resolved        glob: '^4.3.2',
206 silly install resolved        'grunt-saucelabs': '~8.4.1',
206 silly install resolved        highland: '^2.3.0',
206 silly install resolved        istanbul: '^0.3.5',
206 silly install resolved        jshint: '^2.6.0',
206 silly install resolved        'jshint-stylish': '~0.2.0',
206 silly install resolved        mkdirp: '~0.5.0',
206 silly install resolved        mocha: '~2.1',
206 silly install resolved        open: '~0.0.5',
206 silly install resolved        optimist: '~0.6.1',
206 silly install resolved        rimraf: '~2.2.6',
206 silly install resolved        rx: '^2.3.25',
206 silly install resolved        'serve-static': '^1.7.1',
206 silly install resolved        sinon: '~1.7.3',
206 silly install resolved        'uglify-js': '~2.4.16',
206 silly install resolved        kefir: '^2.4.1' },
206 silly install resolved     main: './js/main/bluebird.js',
206 silly install resolved     browser: './js/browser/bluebird.js',
206 silly install resolved     files: [ 'js/browser', 'js/main', 'js/zalgo', 'zalgo.js' ],
206 silly install resolved     gitHead: '02c0fd252cf7c0c86e6b27bb06422c404829b539',
206 silly install resolved     _id: 'bluebird@2.10.2',
206 silly install resolved     _shasum: '024a5517295308857f14f91f1106fc3b555f446b',
206 silly install resolved     _from: 'bluebird@>=2.9.34 <3.0.0',
206 silly install resolved     _npmVersion: '2.11.1',
206 silly install resolved     _nodeVersion: '2.3.0',
206 silly install resolved     _npmUser: { name: 'esailija', email: 'petka_antonov@hotmail.com' },
206 silly install resolved     maintainers: [ [Object] ],
206 silly install resolved     dist:
206 silly install resolved      { shasum: '024a5517295308857f14f91f1106fc3b555f446b',
206 silly install resolved        tarball: 'http://registry.npmjs.org/bluebird/-/bluebird-2.10.2.tgz' },
206 silly install resolved     directories: {},
206 silly install resolved     _resolved: 'https://registry.npmjs.org/bluebird/-/bluebird-2.10.2.tgz',
206 silly install resolved     readme: 'ERROR: No README data found!' } ]
207 info install nan@2.1.0 into /Volumes/DATA/GIT/nc/node_modules/libvirt
208 info install bindings@1.2.1 into /Volumes/DATA/GIT/nc/node_modules/libvirt
209 info install bluebird@2.10.2 into /Volumes/DATA/GIT/nc/node_modules/libvirt
210 info installOne nan@2.1.0
211 verbose installOne of nan to /Volumes/DATA/GIT/nc/node_modules/libvirt not in flight; installing
212 info installOne bindings@1.2.1
213 verbose installOne of bindings to /Volumes/DATA/GIT/nc/node_modules/libvirt not in flight; installing
214 info installOne bluebird@2.10.2
215 verbose installOne of bluebird to /Volumes/DATA/GIT/nc/node_modules/libvirt not in flight; installing
216 verbose lock using /Users/epheo/.npm/_locks/nan-eac880474d7ec7b7.lock for /Volumes/DATA/GIT/nc/node_modules/libvirt/node_modules/nan
217 silly install write writing nan 2.1.0 to /Volumes/DATA/GIT/nc/node_modules/libvirt/node_modules/nan
218 silly cache addNamed cb nan@2.1.0
219 verbose unbuild node_modules/libvirt/node_modules/nan
220 verbose lock using /Users/epheo/.npm/_locks/bluebird-c29848a09201a12c.lock for /Volumes/DATA/GIT/nc/node_modules/libvirt/node_modules/bluebird
221 verbose lock using /Users/epheo/.npm/_locks/bindings-f360b64e0044a17a.lock for /Volumes/DATA/GIT/nc/node_modules/libvirt/node_modules/bindings
222 verbose gentlyRm vacuuming /Volumes/DATA/GIT/nc/node_modules/libvirt/node_modules/nan
223 silly install write writing bluebird 2.10.2 to /Volumes/DATA/GIT/nc/node_modules/libvirt/node_modules/bluebird
224 silly cache addNamed cb bluebird@2.10.2
225 verbose unbuild node_modules/libvirt/node_modules/bluebird
226 silly install write writing bindings 1.2.1 to /Volumes/DATA/GIT/nc/node_modules/libvirt/node_modules/bindings
227 silly cache addNamed cb bindings@1.2.1
228 verbose unbuild node_modules/libvirt/node_modules/bindings
229 verbose tar unpack /Users/epheo/.npm/nan/2.1.0/package.tgz
230 verbose tar unpacking to /Volumes/DATA/GIT/nc/node_modules/libvirt/node_modules/nan
231 verbose gentlyRm vacuuming /Volumes/DATA/GIT/nc/node_modules/libvirt/node_modules/nan
232 silly gunzTarPerm modes [ '755', '644' ]
233 verbose gentlyRm vacuuming /Volumes/DATA/GIT/nc/node_modules/libvirt/node_modules/bluebird
234 verbose gentlyRm vacuuming /Volumes/DATA/GIT/nc/node_modules/libvirt/node_modules/bindings
235 verbose tar unpack /Users/epheo/.npm/bluebird/2.10.2/package.tgz
236 verbose tar unpacking to /Volumes/DATA/GIT/nc/node_modules/libvirt/node_modules/bluebird
237 verbose gentlyRm vacuuming /Volumes/DATA/GIT/nc/node_modules/libvirt/node_modules/bluebird
238 verbose tar unpack /Users/epheo/.npm/bindings/1.2.1/package.tgz
239 verbose tar unpacking to /Volumes/DATA/GIT/nc/node_modules/libvirt/node_modules/bindings
240 verbose gentlyRm vacuuming /Volumes/DATA/GIT/nc/node_modules/libvirt/node_modules/bindings
241 silly gunzTarPerm modes [ '755', '644' ]
242 silly gunzTarPerm modes [ '755', '644' ]
243 silly gunzTarPerm extractEntry package.json
244 silly gunzTarPerm modified mode [ 'package.json', 436, 420 ]
245 silly gunzTarPerm extractEntry package.json
246 silly gunzTarPerm modified mode [ 'package.json', 436, 420 ]
247 silly gunzTarPerm extractEntry README.md
248 silly gunzTarPerm modified mode [ 'README.md', 436, 420 ]
249 silly gunzTarPerm extractEntry include_dirs.js
250 silly gunzTarPerm modified mode [ 'include_dirs.js', 436, 420 ]
251 silly gunzTarPerm extractEntry package.json
252 silly gunzTarPerm extractEntry README.md
253 silly gunzTarPerm modified mode [ 'README.md', 436, 420 ]
254 silly gunzTarPerm extractEntry README.md
255 silly gunzTarPerm extractEntry bindings.js
256 silly gunzTarPerm extractEntry LICENSE
257 silly gunzTarPerm modified mode [ 'LICENSE', 436, 420 ]
258 silly gunzTarPerm extractEntry nan_converters.h
259 silly gunzTarPerm modified mode [ 'nan_converters.h', 436, 420 ]
260 silly gunzTarPerm extractEntry LICENSE.md
261 silly gunzTarPerm modified mode [ 'LICENSE.md', 436, 420 ]
262 silly gunzTarPerm extractEntry .dntrc
263 silly gunzTarPerm modified mode [ '.dntrc', 436, 420 ]
264 silly gunzTarPerm extractEntry changelog.md
265 silly gunzTarPerm modified mode [ 'changelog.md', 436, 420 ]
266 silly gunzTarPerm extractEntry js/browser/bluebird.js
267 silly gunzTarPerm modified mode [ 'js/browser/bluebird.js', 436, 420 ]
268 silly gunzTarPerm extractEntry appveyor.yml
269 silly gunzTarPerm modified mode [ 'appveyor.yml', 436, 420 ]
270 silly gunzTarPerm extractEntry js/browser/bluebird.min.js
271 silly gunzTarPerm modified mode [ 'js/browser/bluebird.min.js', 436, 420 ]
272 info preinstall bindings@1.2.1
273 silly gunzTarPerm extractEntry doc/new.md
274 silly gunzTarPerm modified mode [ 'doc/new.md', 436, 420 ]
275 silly gunzTarPerm extractEntry doc/.build.sh
276 silly gunzTarPerm modified mode [ 'doc/.build.sh', 509, 493 ]
277 silly install resolved []
278 verbose about to build /Volumes/DATA/GIT/nc/node_modules/libvirt/node_modules/bindings
279 info build /Volumes/DATA/GIT/nc/node_modules/libvirt/node_modules/bindings
280 verbose linkStuff [ false,
280 verbose linkStuff   false,
280 verbose linkStuff   false,
280 verbose linkStuff   '/Volumes/DATA/GIT/nc/node_modules/libvirt/node_modules' ]
281 info linkStuff bindings@1.2.1
282 verbose linkBins bindings@1.2.1
283 verbose linkMans bindings@1.2.1
284 verbose rebuildBundles bindings@1.2.1
285 info install bindings@1.2.1
286 info postinstall bindings@1.2.1
287 silly gunzTarPerm extractEntry doc/buffers.md
288 silly gunzTarPerm modified mode [ 'doc/buffers.md', 436, 420 ]
289 silly gunzTarPerm extractEntry doc/callback.md
290 silly gunzTarPerm modified mode [ 'doc/callback.md', 436, 420 ]
291 verbose unlock done using /Users/epheo/.npm/_locks/bindings-f360b64e0044a17a.lock for /Volumes/DATA/GIT/nc/node_modules/libvirt/node_modules/bindings
292 silly gunzTarPerm extractEntry js/main/any.js
293 silly gunzTarPerm modified mode [ 'js/main/any.js', 436, 420 ]
294 silly gunzTarPerm extractEntry doc/converters.md
295 silly gunzTarPerm modified mode [ 'doc/converters.md', 436, 420 ]
296 silly gunzTarPerm extractEntry doc/errors.md
297 silly gunzTarPerm modified mode [ 'doc/errors.md', 436, 420 ]
298 silly gunzTarPerm extractEntry js/main/finally.js
299 silly gunzTarPerm modified mode [ 'js/main/finally.js', 436, 420 ]
300 silly gunzTarPerm extractEntry js/main/generators.js
301 silly gunzTarPerm modified mode [ 'js/main/generators.js', 436, 420 ]
302 silly gunzTarPerm extractEntry js/main/join.js
303 silly gunzTarPerm modified mode [ 'js/main/join.js', 436, 420 ]
304 silly gunzTarPerm extractEntry doc/maybe_types.md
305 silly gunzTarPerm modified mode [ 'doc/maybe_types.md', 436, 420 ]
306 silly gunzTarPerm extractEntry doc/methods.md
307 silly gunzTarPerm modified mode [ 'doc/methods.md', 436, 420 ]
308 silly gunzTarPerm extractEntry doc/asyncworker.md
309 silly gunzTarPerm modified mode [ 'doc/asyncworker.md', 436, 420 ]
310 silly gunzTarPerm extractEntry doc/node_misc.md
311 silly gunzTarPerm modified mode [ 'doc/node_misc.md', 436, 420 ]
312 silly gunzTarPerm extractEntry doc/persistent.md
313 silly gunzTarPerm modified mode [ 'doc/persistent.md', 436, 420 ]
314 silly gunzTarPerm extractEntry js/main/filter.js
315 silly gunzTarPerm modified mode [ 'js/main/filter.js', 436, 420 ]
316 silly gunzTarPerm extractEntry doc/scopes.md
317 silly gunzTarPerm modified mode [ 'doc/scopes.md', 436, 420 ]
318 silly gunzTarPerm extractEntry doc/script.md
319 silly gunzTarPerm modified mode [ 'doc/script.md', 436, 420 ]
320 silly gunzTarPerm extractEntry js/main/method.js
321 silly gunzTarPerm modified mode [ 'js/main/method.js', 436, 420 ]
322 silly gunzTarPerm extractEntry doc/string_bytes.md
323 silly gunzTarPerm modified mode [ 'doc/string_bytes.md', 436, 420 ]
324 silly gunzTarPerm extractEntry doc/v8_internals.md
325 silly gunzTarPerm modified mode [ 'doc/v8_internals.md', 436, 420 ]
326 silly gunzTarPerm extractEntry doc/v8_misc.md
327 silly gunzTarPerm modified mode [ 'doc/v8_misc.md', 436, 420 ]
328 silly gunzTarPerm extractEntry nan.h
329 silly gunzTarPerm modified mode [ 'nan.h', 436, 420 ]
330 silly gunzTarPerm extractEntry js/main/nodeify.js
331 silly gunzTarPerm modified mode [ 'js/main/nodeify.js', 436, 420 ]
332 silly gunzTarPerm extractEntry js/main/progress.js
333 silly gunzTarPerm modified mode [ 'js/main/progress.js', 436, 420 ]
334 silly gunzTarPerm extractEntry js/main/promise.js
335 silly gunzTarPerm modified mode [ 'js/main/promise.js', 436, 420 ]
336 silly gunzTarPerm extractEntry nan_callbacks.h
337 silly gunzTarPerm modified mode [ 'nan_callbacks.h', 436, 420 ]
338 silly gunzTarPerm extractEntry nan_callbacks_12_inl.h
339 silly gunzTarPerm modified mode [ 'nan_callbacks_12_inl.h', 436, 420 ]
340 silly gunzTarPerm extractEntry nan_callbacks_pre_12_inl.h
341 silly gunzTarPerm modified mode [ 'nan_callbacks_pre_12_inl.h', 436, 420 ]
342 silly gunzTarPerm extractEntry nan_converters_43_inl.h
343 silly gunzTarPerm modified mode [ 'nan_converters_43_inl.h', 436, 420 ]
344 silly gunzTarPerm extractEntry js/main/promise_array.js
345 silly gunzTarPerm modified mode [ 'js/main/promise_array.js', 436, 420 ]
346 silly gunzTarPerm extractEntry nan_converters_pre_43_inl.h
347 silly gunzTarPerm modified mode [ 'nan_converters_pre_43_inl.h', 436, 420 ]
348 silly gunzTarPerm extractEntry nan_implementation_12_inl.h
349 silly gunzTarPerm modified mode [ 'nan_implementation_12_inl.h', 436, 420 ]
350 silly gunzTarPerm extractEntry nan_implementation_pre_12_inl.h
351 silly gunzTarPerm modified mode [ 'nan_implementation_pre_12_inl.h', 436, 420 ]
352 silly gunzTarPerm extractEntry js/main/es5.js
353 silly gunzTarPerm modified mode [ 'js/main/es5.js', 436, 420 ]
354 silly gunzTarPerm extractEntry nan_maybe_43_inl.h
355 silly gunzTarPerm modified mode [ 'nan_maybe_43_inl.h', 436, 420 ]
356 silly gunzTarPerm extractEntry js/main/promise_resolver.js
357 silly gunzTarPerm modified mode [ 'js/main/promise_resolver.js', 436, 420 ]
358 silly gunzTarPerm extractEntry nan_maybe_pre_43_inl.h
359 silly gunzTarPerm modified mode [ 'nan_maybe_pre_43_inl.h', 436, 420 ]
360 silly gunzTarPerm extractEntry nan_new.h
361 silly gunzTarPerm modified mode [ 'nan_new.h', 436, 420 ]
362 silly gunzTarPerm extractEntry nan_object_wrap.h
363 silly gunzTarPerm modified mode [ 'nan_object_wrap.h', 436, 420 ]
364 silly gunzTarPerm extractEntry js/main/errors.js
365 silly gunzTarPerm modified mode [ 'js/main/errors.js', 436, 420 ]
366 silly gunzTarPerm extractEntry nan_persistent_12_inl.h
367 silly gunzTarPerm modified mode [ 'nan_persistent_12_inl.h', 436, 420 ]
368 silly gunzTarPerm extractEntry js/main/promisify.js
369 silly gunzTarPerm modified mode [ 'js/main/promisify.js', 436, 420 ]
370 silly gunzTarPerm extractEntry nan_persistent_pre_12_inl.h
371 silly gunzTarPerm modified mode [ 'nan_persistent_pre_12_inl.h', 436, 420 ]
372 silly gunzTarPerm extractEntry nan_string_bytes.h
373 silly gunzTarPerm modified mode [ 'nan_string_bytes.h', 436, 420 ]
374 silly gunzTarPerm extractEntry nan_typedarray_contents.h
375 silly gunzTarPerm modified mode [ 'nan_typedarray_contents.h', 436, 420 ]
376 silly gunzTarPerm extractEntry nan_weak.h
377 silly gunzTarPerm modified mode [ 'nan_weak.h', 436, 420 ]
378 silly gunzTarPerm extractEntry js/main/each.js
379 silly gunzTarPerm modified mode [ 'js/main/each.js', 436, 420 ]
380 silly gunzTarPerm extractEntry CHANGELOG.md
381 silly gunzTarPerm modified mode [ 'CHANGELOG.md', 436, 420 ]
382 silly gunzTarPerm extractEntry tools/package.json
383 silly gunzTarPerm modified mode [ 'tools/package.json', 436, 420 ]
384 silly gunzTarPerm extractEntry js/main/props.js
385 silly gunzTarPerm modified mode [ 'js/main/props.js', 436, 420 ]
386 silly gunzTarPerm extractEntry tools/README.md
387 silly gunzTarPerm modified mode [ 'tools/README.md', 436, 420 ]
388 silly gunzTarPerm extractEntry tools/1to2.js
389 silly gunzTarPerm modified mode [ 'tools/1to2.js', 509, 493 ]
390 silly gunzTarPerm extractEntry js/main/direct_resolve.js
391 silly gunzTarPerm modified mode [ 'js/main/direct_resolve.js', 436, 420 ]
392 silly gunzTarPerm extractEntry js/main/queue.js
393 silly gunzTarPerm modified mode [ 'js/main/queue.js', 436, 420 ]
394 silly gunzTarPerm extractEntry js/main/debuggability.js
395 silly gunzTarPerm modified mode [ 'js/main/debuggability.js', 436, 420 ]
396 silly gunzTarPerm extractEntry js/main/race.js
397 silly gunzTarPerm modified mode [ 'js/main/race.js', 436, 420 ]
398 silly gunzTarPerm extractEntry js/main/context.js
399 silly gunzTarPerm modified mode [ 'js/main/context.js', 436, 420 ]
400 silly gunzTarPerm extractEntry js/main/reduce.js
401 silly gunzTarPerm modified mode [ 'js/main/reduce.js', 436, 420 ]
402 silly gunzTarPerm extractEntry js/main/catch_filter.js
403 silly gunzTarPerm modified mode [ 'js/main/catch_filter.js', 436, 420 ]
404 silly gunzTarPerm extractEntry js/main/schedule.js
405 silly gunzTarPerm modified mode [ 'js/main/schedule.js', 436, 420 ]
406 silly gunzTarPerm extractEntry js/main/captured_trace.js
407 silly gunzTarPerm modified mode [ 'js/main/captured_trace.js', 436, 420 ]
408 silly gunzTarPerm extractEntry js/main/settle.js
409 silly gunzTarPerm modified mode [ 'js/main/settle.js', 436, 420 ]
410 silly gunzTarPerm extractEntry js/main/cancel.js
411 silly gunzTarPerm modified mode [ 'js/main/cancel.js', 436, 420 ]
412 silly gunzTarPerm extractEntry js/main/some.js
413 silly gunzTarPerm modified mode [ 'js/main/some.js', 436, 420 ]
414 silly gunzTarPerm extractEntry js/main/call_get.js
415 silly gunzTarPerm modified mode [ 'js/main/call_get.js', 436, 420 ]
416 silly gunzTarPerm extractEntry js/main/synchronous_inspection.js
417 silly gunzTarPerm modified mode [ 'js/main/synchronous_inspection.js', 436, 420 ]
418 silly gunzTarPerm extractEntry js/main/bluebird.js
419 silly gunzTarPerm modified mode [ 'js/main/bluebird.js', 436, 420 ]
420 silly gunzTarPerm extractEntry js/main/thenables.js
421 silly gunzTarPerm modified mode [ 'js/main/thenables.js', 436, 420 ]
422 silly gunzTarPerm extractEntry js/main/bind.js
423 silly gunzTarPerm modified mode [ 'js/main/bind.js', 436, 420 ]
424 silly gunzTarPerm extractEntry js/main/timers.js
425 silly gunzTarPerm modified mode [ 'js/main/timers.js', 436, 420 ]
426 silly gunzTarPerm extractEntry js/main/async.js
427 silly gunzTarPerm modified mode [ 'js/main/async.js', 436, 420 ]
428 silly gunzTarPerm extractEntry js/main/using.js
429 silly gunzTarPerm modified mode [ 'js/main/using.js', 436, 420 ]
430 silly gunzTarPerm extractEntry js/main/assert.js
431 silly gunzTarPerm modified mode [ 'js/main/assert.js', 436, 420 ]
432 silly gunzTarPerm extractEntry js/main/util.js
433 silly gunzTarPerm modified mode [ 'js/main/util.js', 436, 420 ]
434 silly gunzTarPerm extractEntry js/main/map.js
435 silly gunzTarPerm modified mode [ 'js/main/map.js', 436, 420 ]
436 info preinstall nan@2.1.0
437 silly install resolved []
438 verbose about to build /Volumes/DATA/GIT/nc/node_modules/libvirt/node_modules/nan
439 info build /Volumes/DATA/GIT/nc/node_modules/libvirt/node_modules/nan
440 verbose linkStuff [ false,
440 verbose linkStuff   false,
440 verbose linkStuff   false,
440 verbose linkStuff   '/Volumes/DATA/GIT/nc/node_modules/libvirt/node_modules' ]
441 info linkStuff nan@2.1.0
442 verbose linkBins nan@2.1.0
443 verbose linkMans nan@2.1.0
444 verbose rebuildBundles nan@2.1.0
445 info install nan@2.1.0
446 info postinstall nan@2.1.0
447 verbose unlock done using /Users/epheo/.npm/_locks/nan-eac880474d7ec7b7.lock for /Volumes/DATA/GIT/nc/node_modules/libvirt/node_modules/nan
448 info preinstall bluebird@2.10.2
449 silly install resolved []
450 verbose about to build /Volumes/DATA/GIT/nc/node_modules/libvirt/node_modules/bluebird
451 info build /Volumes/DATA/GIT/nc/node_modules/libvirt/node_modules/bluebird
452 verbose linkStuff [ false,
452 verbose linkStuff   false,
452 verbose linkStuff   false,
452 verbose linkStuff   '/Volumes/DATA/GIT/nc/node_modules/libvirt/node_modules' ]
453 info linkStuff bluebird@2.10.2
454 verbose linkBins bluebird@2.10.2
455 verbose linkMans bluebird@2.10.2
456 verbose rebuildBundles bluebird@2.10.2
457 info install bluebird@2.10.2
458 info postinstall bluebird@2.10.2
459 verbose unlock done using /Users/epheo/.npm/_locks/bluebird-c29848a09201a12c.lock for /Volumes/DATA/GIT/nc/node_modules/libvirt/node_modules/bluebird
460 verbose about to build /Volumes/DATA/GIT/nc/node_modules/libvirt
461 info build /Volumes/DATA/GIT/nc/node_modules/libvirt
462 verbose linkStuff [ false, false, false, '/Volumes/DATA/GIT/nc/node_modules' ]
463 info linkStuff libvirt@1.1.0
464 verbose linkBins libvirt@1.1.0
465 verbose linkMans libvirt@1.1.0
466 verbose rebuildBundles libvirt@1.1.0
467 verbose rebuildBundles [ 'bindings', 'bluebird', 'nan' ]
468 info install libvirt@1.1.0
469 verbose unsafe-perm in lifecycle true
470 info libvirt@1.1.0 Failed to exec install script
471 verbose unlock done using /Users/epheo/.npm/_locks/libvirt-44ba717ac08c7297.lock for /Volumes/DATA/GIT/nc/node_modules/libvirt
472 verbose stack Error: libvirt@1.1.0 install: `node-gyp rebuild`
472 verbose stack Exit status 1
472 verbose stack     at EventEmitter.<anonymous> (/usr/local/lib/node_modules/npm/lib/utils/lifecycle.js:213:16)
472 verbose stack     at EventEmitter.emit (events.js:98:17)
472 verbose stack     at ChildProcess.<anonymous> (/usr/local/lib/node_modules/npm/lib/utils/spawn.js:14:12)
472 verbose stack     at ChildProcess.emit (events.js:98:17)
472 verbose stack     at maybeClose (child_process.js:766:16)
472 verbose stack     at Process.ChildProcess._handle.onexit (child_process.js:833:5)
473 verbose pkgid libvirt@1.1.0
474 verbose cwd /Volumes/DATA/GIT/nc
475 error Darwin 15.0.0
476 error argv "node" "/usr/local/bin/npm" "install" "libvirt"
477 error node v0.10.36
478 error npm  v2.3.0
479 error code ELIFECYCLE
480 error libvirt@1.1.0 install: `node-gyp rebuild`
480 error Exit status 1
481 error Failed at the libvirt@1.1.0 install script 'node-gyp rebuild'.
481 error This is most likely a problem with the libvirt package,
481 error not with npm itself.
481 error Tell the author that this fails on your system:
481 error     node-gyp rebuild
481 error You can get their info via:
481 error     npm owner ls libvirt
481 error There is likely additional logging output above.
482 verbose exit [ 1, true ]
483 verbose unbuild node_modules/libvirt
484 info preuninstall libvirt@1.1.0
485 info uninstall libvirt@1.1.0
486 verbose unbuild rmStuff libvirt@1.1.0 from /Volumes/DATA/GIT/nc/node_modules
487 info postuninstall libvirt@1.1.0
488 verbose gentlyRm vacuuming /Volumes/DATA/GIT/nc/node_modules/libvirt
489 silly gentlyRm purging /Volumes/DATA/GIT/nc/node_modules/libvirt
490 silly gentlyRm removing /Volumes/DATA/GIT/nc/node_modules
491 silly gentlyRm finished vacuuming up to /Volumes/DATA/GIT/nc
